[36mvite v8.0.10 [32mbuilding client environment for production...[36m[39m
[2Ktransforming...âś“ 2173 modules transformed.
rendering chunks...
computing gzip size...
dist/index.html                   0.45 kB â”‚ gzip:   0.29 kB
dist/assets/index-BMJZ0HKH.css   49.79 kB â”‚ gzip:   7.92 kB
dist/assets/index-C4IoLJTK.js   686.92 kB â”‚ gzip: 194.13 kB

[33m[plugin builtin:vite-reporter] 
(!) Some chunks are larger than 500 kB after minification. Consider:
- Using dynamic import() to code-split the application
- Use build.rolldownOptions.output.codeSplitting to improve chunking: https://rolldown.rs/reference/OutputOptions.codeSplitting
- Adjust chunk size limit for this warning via build.chunkSizeWarningLimit.[39m
[31mâś—[39m Build failed in 956ms
[31merror during build:
[31mBuild failed with 1 error:

Error: [vite]: Rolldown failed to resolve import "@radix-ui/react-switch" from "E:/zenflow/src/components/ui/switch.tsx".
This is most likely unintended because it can break your application at runtime.
If you do want to externalize this module explicitly add it to
`build.rollupOptions.external`
    at viteLog (file:///E:/zenflow/node_modules/vite/dist/node/chunks/node.js:33111:57)
    at file:///E:/zenflow/node_modules/vite/dist/node/chunks/node.js:33147:71
    at onwarn (file:///E:/zenflow/node_modules/@vitejs/plugin-react/dist/index.js:40:7)
    at file:///E:/zenflow/node_modules/vite/dist/node/chunks/node.js:33147:28
    at onRollupLog (file:///E:/zenflow/node_modules/vite/dist/node/chunks/node.js:33142:63)
    at onLog (file:///E:/zenflow/node_modules/vite/dist/node/chunks/node.js:32911:4)
    at file:///E:/zenflow/node_modules/rolldown/dist/shared/rolldown-build-DSxL8qiP.mjs:50:26
    at logger (file:///E:/zenflow/node_modules/rolldown/dist/shared/rolldown-build-DSxL8qiP.mjs:41:3)
    at onLog (file:///E:/zenflow/node_modules/rolldown/dist/shared/bindingify-input-options-DbbBhzky.mjs:1991:32)[31m
    at aggregateBindingErrorsIntoJsError (file:///E:/zenflow/node_modules/rolldown/dist/shared/error-DL-e8-oE.mjs:48:18)
    at unwrapBindingResult (file:///E:/zenflow/node_modules/rolldown/dist/shared/error-DL-e8-oE.mjs:18:128)
    at #build (file:///E:/zenflow/node_modules/rolldown/dist/shared/rolldown-build-DSxL8qiP.mjs:3317:34)
    at async buildEnvironment (file:///E:/zenflow/node_modules/vite/dist/node/chunks/node.js:33018:64)
    at async Object.build (file:///E:/zenflow/node_modules/vite/dist/node/chunks/node.js:33440:19)
    at async Object.buildApp (file:///E:/zenflow/node_modules/vite/dist/node/chunks/node.js:33437:153)
    at async CAC.<anonymous> (file:///E:/zenflow/node_modules/vite/dist/node/cli.js:778:3) {
  errors: [Getter/Setter]
}[39m
